  Game_poker.cpp
d:\прогроммирование\программирование\2_семестр\экзамен_ооп (покер)\покер_1\покер_1\game_poker.cpp(40): warning C4018: <: несоответствие типов со знаком и без знака
d:\прогроммирование\программирование\2_семестр\экзамен_ооп (покер)\покер_1\покер_1\game_poker.cpp(46): warning C4018: <: несоответствие типов со знаком и без знака
d:\прогроммирование\программирование\2_семестр\экзамен_ооп (покер)\покер_1\покер_1\game_poker.cpp(52): warning C4018: <: несоответствие типов со знаком и без знака
d:\прогроммирование\программирование\2_семестр\экзамен_ооп (покер)\покер_1\покер_1\game_poker.cpp(118): warning C4018: <: несоответствие типов со знаком и без знака
d:\прогроммирование\программирование\2_семестр\экзамен_ооп (покер)\покер_1\покер_1\game_poker.cpp(123): warning C4018: <: несоответствие типов со знаком и без знака
d:\прогроммирование\программирование\2_семестр\экзамен_ооп (покер)\покер_1\покер_1\game_poker.cpp(150): warning C4018: <: несоответствие типов со знаком и без знака
d:\прогроммирование\программирование\2_семестр\экзамен_ооп (покер)\покер_1\покер_1\game_poker.cpp(169): warning C4018: <: несоответствие типов со знаком и без знака
d:\прогроммирование\программирование\2_семестр\экзамен_ооп (покер)\покер_1\покер_1\game_poker.cpp(266): warning C4018: <: несоответствие типов со знаком и без знака
d:\прогроммирование\программирование\2_семестр\экзамен_ооп (покер)\покер_1\покер_1\game_poker.cpp(268): warning C4018: <: несоответствие типов со знаком и без знака
d:\прогроммирование\программирование\2_семестр\экзамен_ооп (покер)\покер_1\покер_1\game_poker.cpp(281): warning C4018: <: несоответствие типов со знаком и без знака
d:\прогроммирование\программирование\2_семестр\экзамен_ооп (покер)\покер_1\покер_1\game_poker.cpp(283): warning C4018: <: несоответствие типов со знаком и без знака
d:\прогроммирование\программирование\2_семестр\экзамен_ооп (покер)\покер_1\покер_1\game_poker.cpp(299): warning C4018: <: несоответствие типов со знаком и без знака
d:\прогроммирование\программирование\2_семестр\экзамен_ооп (покер)\покер_1\покер_1\game_poker.cpp(301): warning C4018: <: несоответствие типов со знаком и без знака
d:\прогроммирование\программирование\2_семестр\экзамен_ооп (покер)\покер_1\покер_1\game_poker.cpp(308): warning C4018: <: несоответствие типов со знаком и без знака
d:\прогроммирование\программирование\2_семестр\экзамен_ооп (покер)\покер_1\покер_1\game_poker.cpp(310): warning C4018: <: несоответствие типов со знаком и без знака
d:\прогроммирование\программирование\2_семестр\экзамен_ооп (покер)\покер_1\покер_1\game_poker.cpp(312): warning C4018: <: несоответствие типов со знаком и без знака
d:\прогроммирование\программирование\2_семестр\экзамен_ооп (покер)\покер_1\покер_1\game_poker.cpp(329): warning C4018: <: несоответствие типов со знаком и без знака
d:\прогроммирование\программирование\2_семестр\экзамен_ооп (покер)\покер_1\покер_1\game_poker.cpp(331): warning C4018: <: несоответствие типов со знаком и без знака
d:\прогроммирование\программирование\2_семестр\экзамен_ооп (покер)\покер_1\покер_1\game_poker.cpp(338): warning C4018: <: несоответствие типов со знаком и без знака
d:\прогроммирование\программирование\2_семестр\экзамен_ооп (покер)\покер_1\покер_1\game_poker.cpp(340): warning C4018: <: несоответствие типов со знаком и без знака
d:\прогроммирование\программирование\2_семестр\экзамен_ооп (покер)\покер_1\покер_1\game_poker.cpp(342): warning C4018: <: несоответствие типов со знаком и без знака
d:\прогроммирование\программирование\2_семестр\экзамен_ооп (покер)\покер_1\покер_1\game_poker.cpp(353): warning C4018: <: несоответствие типов со знаком и без знака
d:\прогроммирование\программирование\2_семестр\экзамен_ооп (покер)\покер_1\покер_1\game_poker.cpp(356): warning C4018: <: несоответствие типов со знаком и без знака
d:\прогроммирование\программирование\2_семестр\экзамен_ооп (покер)\покер_1\покер_1\game_poker.cpp(367): warning C4018: <: несоответствие типов со знаком и без знака
d:\прогроммирование\программирование\2_семестр\экзамен_ооп (покер)\покер_1\покер_1\game_poker.cpp(376): warning C4018: <: несоответствие типов со знаком и без знака
d:\прогроммирование\программирование\2_семестр\экзамен_ооп (покер)\покер_1\покер_1\game_poker.cpp(379): warning C4018: <: несоответствие типов со знаком и без знака
d:\прогроммирование\программирование\2_семестр\экзамен_ооп (покер)\покер_1\покер_1\game_poker.cpp(635): warning C4244: аргумент: преобразование "time_t" в "unsigned int", возможна потеря данных
d:\прогроммирование\программирование\2_семестр\экзамен_ооп (покер)\покер_1\покер_1\game_poker.cpp(645): warning C4101: y: неиспользованная локальная переменная
d:\прогроммирование\программирование\2_семестр\экзамен_ооп (покер)\покер_1\покер_1\game_poker.cpp(645): warning C4101: n: неиспользованная локальная переменная
d:\прогроммирование\программирование\2_семестр\экзамен_ооп (покер)\покер_1\покер_1\game_poker.cpp(49): warning C4715: Deck_of_cards::Find_card_second: значение возвращается не при всех путях выполнения
d:\прогроммирование\программирование\2_семестр\экзамен_ооп (покер)\покер_1\покер_1\game_poker.cpp(627): warning C4715: Player::Who_did_win: значение возвращается не при всех путях выполнения
d:\прогроммирование\программирование\2_семестр\экзамен_ооп (покер)\покер_1\покер_1\game_poker.cpp(43): warning C4715: Deck_of_cards::Find_card_first: значение возвращается не при всех путях выполнения
d:\прогроммирование\программирование\2_семестр\экзамен_ооп (покер)\покер_1\покер_1\game_poker.cpp(120): warning C4715: Player::find_card_first: значение возвращается не при всех путях выполнения
d:\прогроммирование\программирование\2_семестр\экзамен_ооп (покер)\покер_1\покер_1\game_poker.cpp(348): warning C4715: Player::_Two_Pair: значение возвращается не при всех путях выполнения
d:\прогроммирование\программирование\2_семестр\экзамен_ооп (покер)\покер_1\покер_1\game_poker.cpp(371): warning C4715: Player::_Three_of_a_kind: значение возвращается не при всех путях выполнения
d:\прогроммирование\программирование\2_семестр\экзамен_ооп (покер)\покер_1\покер_1\game_poker.cpp(410): warning C4715: Player::_Straight: значение возвращается не при всех путях выполнения
d:\прогроммирование\программирование\2_семестр\экзамен_ооп (покер)\покер_1\покер_1\game_poker.cpp(291): warning C4715: Player::_One_Pair: значение возвращается не при всех путях выполнения
  Покер_1.vcxproj -> D:\ПРОГРОММИРОВАНИЕ\ПРОГРАММИРОВАНИЕ\2_семестр\Экзамен_ООП (Покер)\Покер_1\Debug\Покер_1.exe
